<?xml version="1.0" encoding="UTF-8" ?>
<testsuite failures="0" time="0.405" errors="0" skipped="0" tests="1" name="TestSuite">
  <properties>
    <property name="java.vendor" value="Oracle Corporation"/>
    <property name="env.SYSTEMROOT" value="C:\WINDOWS"/>
    <property name="localRepository" value="C:\Users\leandrof.paiva\.m2\repository"/>
    <property name="env.USERDOMAIN_ROAMINGPROFILE" value="LENOVO-PC"/>
    <property name="sun.java.launcher" value="SUN_STANDARD"/>
    <property name="sun.management.compiler" value="HotSpot 64-Bit Tiered Compilers"/>
    <property name="env.PROMPT" value="$P$G"/>
    <property name="os.name" value="Windows 8.1"/>
    <property name="env.FP_NO_HOST_CHECK" value="NO"/>
    <property name="sun.boot.class.path" value="G:\Java\jdk1.7.0_75\jre\lib\resources.jar;G:\Java\jdk1.7.0_75\jre\lib\rt.jar;G:\Java\jdk1.7.0_75\jre\lib\sunrsasign.jar;G:\Java\jdk1.7.0_75\jre\lib\jsse.jar;G:\Java\jdk1.7.0_75\jre\lib\jce.jar;G:\Java\jdk1.7.0_75\jre\lib\charsets.jar;G:\Java\jdk1.7.0_75\jre\lib\jfr.jar;G:\Java\jdk1.7.0_75\jre\classes"/>
    <property name="env.COMPUTERNAME" value="LENOVO-PC"/>
    <property name="env.ALLUSERSPROFILE" value="C:\ProgramData"/>
    <property name="sun.desktop" value="windows"/>
    <property name="java.vm.specification.vendor" value="Oracle Corporation"/>
    <property name="java.runtime.version" value="1.7.0_75-b13"/>
    <property name="env.HOMEPATH" value="\Users\leandrof.paiva"/>
    <property name="user.name" value="leandrof.paiva"/>
    <property name="maven.build.version" value="Apache Maven 3.2.5 (12a6b3acb947671f09b81f49094c53f426d8cea1; 2014-12-14T15:29:23-02:00)"/>
    <property name="env.PATH" value="C:\ProgramData\Oracle\Java\javapath;G:\java\PHP\;C:\Program Files (x86)\Lenovo\FusionEngine;C:\Program Files (x86)\Intel\iCLS Client\;C:\Program Files\Intel\iCLS Client\;C:\WINDOWS\system32;C:\WINDOWS;C:\WINDOWS\System32\Wbem;C:\WINDOWS\System32\WindowsPowerShell\v1.0\;C:\Program Files\Intel\Intel(R) Management Engine Components\DAL;C:\Program Files\Intel\Intel(R) Management Engine Components\IPT;C:\Program Files (x86)\Intel\Intel(R) Management Engine Components\DAL;C:\Program Files (x86)\Intel\Intel(R) Management Engine Components\IPT;C:\Program Files (x86)\Common Files\lenovo\easyplussdk\bin;C:\Program Files\nodejs;G:\Java\jdk1.7.0_75\bin;g:\java\Git\cmd;C:\Program Files (x86)\WinMerge;G:\java\vagrant\bin;C:\Program Files\MongoDB\Server\3.0\bin;C:\Program Files (x86)\Skype\Phone\;C:\Users\leandrof.paiva\AppData\Roaming\npm;G:\java\apache-ant-1.9.4\bin;G:\java\apache-maven-3.2.5\bin;G:\java\jboss-as-7.1.1.Final\bin;G:\java\jdk1.7.0_75\bin"/>
    <property name="user.language" value="pt"/>
    <property name="env.WINDIR" value="C:\WINDOWS"/>
    <property name="sun.boot.library.path" value="G:\Java\jdk1.7.0_75\jre\bin"/>
    <property name="classworlds.conf" value="G:\java\apache-maven-3.2.5\bin\..\bin\m2.conf"/>
    <property name="java.version" value="1.7.0_75"/>
    <property name="env.PROCESSOR_IDENTIFIER" value="Intel64 Family 6 Model 69 Stepping 1, GenuineIntel"/>
    <property name="user.timezone" value="America/Sao_Paulo"/>
    <property name="env.TEMP" value="C:\Users\LEANDR~1.PAI\AppData\Local\Temp"/>
    <property name="sun.arch.data.model" value="64"/>
    <property name="java.endorsed.dirs" value="G:\Java\jdk1.7.0_75\jre\lib\endorsed"/>
    <property name="sun.cpu.isalist" value="amd64"/>
    <property name="env.HOMEDRIVE" value="C:"/>
    <property name="sun.jnu.encoding" value="Cp1252"/>
    <property name="file.encoding.pkg" value="sun.io"/>
    <property name="env.SYSTEMDRIVE" value="C:"/>
    <property name="file.separator" value="\"/>
    <property name="java.specification.name" value="Java Platform API Specification"/>
    <property name="java.class.version" value="51.0"/>
    <property name="user.country" value="BR"/>
    <property name="java.home" value="G:\Java\jdk1.7.0_75\jre"/>
    <property name="env.APPDATA" value="C:\Users\leandrof.paiva\AppData\Roaming"/>
    <property name="env.CONFIGSETROOT" value="C:\WINDOWS\ConfigSetRoot"/>
    <property name="env.PUBLIC" value="C:\Users\Public"/>
    <property name="java.vm.info" value="mixed mode"/>
    <property name="env.OS" value="Windows_NT"/>
    <property name="os.version" value="6.3"/>
    <property name="env.=::" value="::\"/>
    <property name="path.separator" value=";"/>
    <property name="java.vm.version" value="24.75-b04"/>
    <property name="env.PHPRC" value="G:\java\PHP\"/>
    <property name="env.ASL.LOG" value="Destination=file"/>
    <property name="env.USERPROFILE" value="C:\Users\leandrof.paiva"/>
    <property name="user.variant" value=""/>
    <property name="env.=F:" value="F:\workspaces\javadev-ws\maven"/>
    <property name="env.JAVA_HOME" value="G:\Java\jdk1.7.0_75"/>
    <property name="java.awt.printerjob" value="sun.awt.windows.WPrinterJob"/>
    <property name="env.TMP" value="C:\Users\LEANDR~1.PAI\AppData\Local\Temp"/>
    <property name="env.FPS_BROWSER_USER_PROFILE_STRING" value="Default"/>
    <property name="env.PROGRAMFILES" value="C:\Program Files"/>
    <property name="sun.io.unicode.encoding" value="UnicodeLittle"/>
    <property name="awt.toolkit" value="sun.awt.windows.WToolkit"/>
    <property name="user.script" value=""/>
    <property name="user.home" value="C:\Users\leandrof.paiva"/>
    <property name="env.COMMONPROGRAMFILES" value="C:\Program Files\Common Files"/>
    <property name="env.=EXITCODE" value="00000001"/>
    <property name="env.SESSIONNAME" value="Console"/>
    <property name="java.specification.vendor" value="Oracle Corporation"/>
    <property name="env.M2_HOME" value="G:\java\apache-maven-3.2.5\bin\.."/>
    <property name="env.NUMBER_OF_PROCESSORS" value="4"/>
    <property name="java.library.path" value="G:\Java\jdk1.7.0_75\bin;C:\WINDOWS\Sun\Java\bin;C:\WINDOWS\system32;C:\WINDOWS;C:\ProgramData\Oracle\Java\javapath;G:\java\PHP\;C:\Program Files (x86)\Lenovo\FusionEngine;C:\Program Files (x86)\Intel\iCLS Client\;C:\Program Files\Intel\iCLS Client\;C:\WINDOWS\system32;C:\WINDOWS;C:\WINDOWS\System32\Wbem;C:\WINDOWS\System32\WindowsPowerShell\v1.0\;C:\Program Files\Intel\Intel(R) Management Engine Components\DAL;C:\Program Files\Intel\Intel(R) Management Engine Components\IPT;C:\Program Files (x86)\Intel\Intel(R) Management Engine Components\DAL;C:\Program Files (x86)\Intel\Intel(R) Management Engine Components\IPT;C:\Program Files (x86)\Common Files\lenovo\easyplussdk\bin;C:\Program Files\nodejs;G:\Java\jdk1.7.0_75\bin;g:\java\Git\cmd;C:\Program Files (x86)\WinMerge;G:\java\vagrant\bin;C:\Program Files\MongoDB\Server\3.0\bin;C:\Program Files (x86)\Skype\Phone\;C:\Users\leandrof.paiva\AppData\Roaming\npm;G:\java\apache-ant-1.9.4\bin;G:\java\apache-maven-3.2.5\bin;G:\java\jboss-as-7.1.1.Final\bin;G:\java\jdk1.7.0_75\bin;."/>
    <property name="java.vendor.url" value="http://java.oracle.com/"/>
    <property name="env.CLASSWORLDS_LAUNCHER" value="org.codehaus.plexus.classworlds.launcher.Launcher"/>
    <property name="env.COMMONPROGRAMFILES(X86)" value="C:\Program Files (x86)\Common Files"/>
    <property name="env.PSMODULEPATH" value="C:\WINDOWS\system32\WindowsPowerShell\v1.0\Modules\"/>
    <property name="env.MAVEN_CMD_LINE_ARGS" value="install"/>
    <property name="java.vm.vendor" value="Oracle Corporation"/>
    <property name="java.runtime.name" value="Java(TM) SE Runtime Environment"/>
    <property name="maven.home" value="G:\java\apache-maven-3.2.5\bin\.."/>
    <property name="java.class.path" value="G:\java\apache-maven-3.2.5\bin\..\boot\plexus-classworlds-2.5.2.jar"/>
    <property name="sun.java.command" value="org.codehaus.plexus.classworlds.launcher.Launcher install"/>
    <property name="env.PROGRAMW6432" value="C:\Program Files"/>
    <property name="env.EASYPLUSSDK" value="&quot;C:\Program Files (x86)\Common Files\lenovo\easyplussdk\bin&quot;"/>
    <property name="maven.version" value="3.2.5"/>
    <property name="env.MAVEN_JAVA_EXE" value="&quot;G:\Java\jdk1.7.0_75\bin\java.exe&quot;"/>
    <property name="env.PROGRAMFILES(X86)" value="C:\Program Files (x86)"/>
    <property name="java.vm.specification.name" value="Java Virtual Machine Specification"/>
    <property name="env.LOGONSERVER" value="\\MicrosoftAccount"/>
    <property name="java.vm.specification.version" value="1.7"/>
    <property name="env.PROCESSOR_ARCHITECTURE" value="AMD64"/>
    <property name="env.COMMONPROGRAMW6432" value="C:\Program Files\Common Files"/>
    <property name="sun.os.patch.level" value=""/>
    <property name="sun.cpu.endian" value="little"/>
    <property name="env.HOME" value="C:\Users\leandrof.paiva"/>
    <property name="env.ANT_HOME" value="G:\java\apache-ant-1.9.4"/>
    <property name="surefire.test.class.path" value="F:\workspaces\javadev-ws\maven\proguard-prj\target\test-classes;F:\workspaces\javadev-ws\maven\proguard-prj\target\classes;C:\Users\leandrof.paiva\.m2\repository\junit\junit\4.6\junit-4.6.jar;C:\Users\leandrof.paiva\.m2\repository\org\testng\testng\5.8\testng-5.8-jdk15.jar;C:\Users\leandrof.paiva\.m2\repository\log4j\log4j\1.2.13\log4j-1.2.13.jar;"/>
    <property name="java.io.tmpdir" value="C:\Users\LEANDR~1.PAI\AppData\Local\Temp\"/>
    <property name="env.PROCESSOR_REVISION" value="4501"/>
    <property name="java.vendor.url.bug" value="http://bugreport.sun.com/bugreport/"/>
    <property name="env.COMSPEC" value="C:\WINDOWS\system32\cmd.exe"/>
    <property name="env.PROGRAMDATA" value="C:\ProgramData"/>
    <property name="env.FPS_BROWSER_APP_PROFILE_STRING" value="Internet Explorer"/>
    <property name="java.awt.graphicsenv" value="sun.awt.Win32GraphicsEnvironment"/>
    <property name="os.arch" value="amd64"/>
    <property name="java.ext.dirs" value="G:\Java\jdk1.7.0_75\jre\lib\ext;C:\WINDOWS\Sun\Java\lib\ext"/>
    <property name="user.dir" value="F:\workspaces\javadev-ws\maven\proguard-prj"/>
    <property name="env.LOCALAPPDATA" value="C:\Users\leandrof.paiva\AppData\Local"/>
    <property name="line.separator" value="
"/>
    <property name="java.vm.name" value="Java HotSpot(TM) 64-Bit Server VM"/>
    <property name="env.CLASSWORLDS_JAR" value="&quot;G:\java\apache-maven-3.2.5\bin\..\boot\plexus-classworlds-2.5.2.jar&quot;"/>
    <property name="env.PATHEXT" value=".COM;.EXE;.BAT;.CMD;.VBS;.VBE;.JS;.JSE;.WSF;.WSH;.MSC"/>
    <property name="basedir" value="F:\workspaces\javadev-ws\maven\proguard-prj"/>
    <property name="env.ERROR_CODE" value="0"/>
    <property name="env.USERNAME" value="leandrof.paiva"/>
    <property name="file.encoding" value="Cp1252"/>
    <property name="env.USERDOMAIN" value="LENOVO-PC"/>
    <property name="java.specification.version" value="1.7"/>
    <property name="env.=C:" value="C:\Users\leandrof.paiva"/>
    <property name="env.MVN_HOME" value="G:\java\apache-maven-3.2.5"/>
    <property name="env.VBOX_MSI_INSTALL_PATH" value="C:\Program Files\Oracle\VirtualBox\"/>
    <property name="env.PROCESSOR_LEVEL" value="6"/>
  </properties>
  <testcase time="0" classname="br.com.leaf.AppTest" name="testApp"/>
</testsuite>